{"C:\\Users\\samch\\OneDrive\\Documents\\Web\\odin-projects\\javascript-exercises\\01_helloWorld\\helloWorld.js": {"path":"C:\\Users\\samch\\OneDrive\\Documents\\Web\\odin-projects\\javascript-exercises\\01_helloWorld\\helloWorld.js","statementMap":{"0":{"start":{"line":1,"column":19},"end":{"line":3,"column":1}},"1":{"start":{"line":2,"column":2},"end":{"line":2,"column":24}},"2":{"start":{"line":5,"column":0},"end":{"line":5,"column":28}}},"fnMap":{"0":{"name":"(anonymous_0)","decl":{"start":{"line":1,"column":19},"end":{"line":1,"column":20}},"loc":{"start":{"line":1,"column":30},"end":{"line":3,"column":1}},"line":1}},"branchMap":{},"s":{"0":1,"1":1,"2":1},"f":{"0":1},"b":{},"_coverageSchema":"1a1c01bbd47fc00a2c39e90264f33305004495a9","hash":"5ea34eb28fae78a9fea88bb21576cd5d215b6e75"}
}
